  main.cpp
E:\Frank\Proyectos Visual Studio\Tic Tac Toe MP\Server\TTTMPServer\TTTMPServer\main.cpp(17,20): warning C4018: '<': no coinciden signed/unsigned
E:\Frank\Proyectos Visual Studio\Tic Tac Toe MP\Server\TTTMPServer\TTTMPServer\main.cpp(54,20): warning C4018: '<': no coinciden signed/unsigned
E:\Frank\Proyectos Visual Studio\Tic Tac Toe MP\Server\TTTMPServer\TTTMPServer\main.cpp(124,27): warning C4244: 'return': conversión de 'float' a 'int'; posible pérdida de datos
E:\Frank\Proyectos Visual Studio\Tic Tac Toe MP\Server\TTTMPServer\TTTMPServer\main.cpp(131,22): warning C4018: '<': no coinciden signed/unsigned
E:\Frank\Proyectos Visual Studio\Tic Tac Toe MP\Server\TTTMPServer\TTTMPServer\main.cpp(164,23): warning C4018: '<': no coinciden signed/unsigned
E:\Frank\Proyectos Visual Studio\Tic Tac Toe MP\Server\TTTMPServer\TTTMPServer\main.cpp(181,23): warning C4018: '<': no coinciden signed/unsigned
E:\Frank\Proyectos Visual Studio\Tic Tac Toe MP\Server\TTTMPServer\TTTMPServer\main.cpp(202,23): warning C4018: '<': no coinciden signed/unsigned
E:\Frank\Proyectos Visual Studio\Tic Tac Toe MP\Server\TTTMPServer\TTTMPServer\main.cpp(219,23): warning C4018: '<': no coinciden signed/unsigned
E:\Frank\Proyectos Visual Studio\Tic Tac Toe MP\Server\TTTMPServer\TTTMPServer\main.cpp(238,1): warning C4326: el tipo de valor devuelto de 'main' debe ser 'int' en lugar de 'void'
E:\Frank\Proyectos Visual Studio\Tic Tac Toe MP\Server\TTTMPServer\TTTMPServer\main.cpp(330,22): warning C4018: '<': no coinciden signed/unsigned
E:\Frank\Proyectos Visual Studio\Tic Tac Toe MP\Server\TTTMPServer\TTTMPServer\main.cpp(359,22): warning C4018: '<': no coinciden signed/unsigned
E:\Frank\Proyectos Visual Studio\Tic Tac Toe MP\Server\TTTMPServer\TTTMPServer\main.cpp(387,22): warning C4018: '<': no coinciden signed/unsigned
E:\Frank\Proyectos Visual Studio\Tic Tac Toe MP\Server\TTTMPServer\TTTMPServer\main.cpp(425,28): warning C4018: '<': no coinciden signed/unsigned
E:\Frank\Proyectos Visual Studio\Tic Tac Toe MP\Server\TTTMPServer\TTTMPServer\main.cpp(443,28): warning C4018: '<': no coinciden signed/unsigned
E:\Frank\Proyectos Visual Studio\Tic Tac Toe MP\Server\TTTMPServer\TTTMPServer\main.cpp(470,27): warning C4018: '<': no coinciden signed/unsigned
E:\Frank\Proyectos Visual Studio\Tic Tac Toe MP\Server\TTTMPServer\TTTMPServer\main.cpp(521,22): warning C4018: '<': no coinciden signed/unsigned
E:\Frank\Proyectos Visual Studio\Tic Tac Toe MP\Server\TTTMPServer\TTTMPServer\main.cpp(538,22): warning C4018: '<': no coinciden signed/unsigned
E:\Frank\Proyectos Visual Studio\Tic Tac Toe MP\Server\TTTMPServer\TTTMPServer\main.cpp(580,22): warning C4018: '<': no coinciden signed/unsigned
  TaTeTi.cpp
  Generando código...
  TTTMPServer.vcxproj -> E:\Frank\Proyectos Visual Studio\Tic Tac Toe MP\Server\TTTMPServer\Debug\TTTMPServer.exe
